<?xml version="1.0" encoding="UTF-8"?>
<testsuite name="SinglyLinkedListTests" tests="14" skipped="0" failures="0" errors="0" timestamp="2022-09-10T17:16:15" hostname="daigomatsuoka" time="0.005">
  <properties/>
  <testcase name="Create an empty singly linked list of integer type[native]" classname="SinglyLinkedListTests" time="0.001"/>
  <testcase name="Add characters from the front and back[native]" classname="SinglyLinkedListTests" time="0.0"/>
  <testcase name="Add element at 3rd position 0 indexed in a 5 elements linked list[native]" classname="SinglyLinkedListTests" time="0.0"/>
  <testcase name="Add element at 5th position in a 2 elements linked list[native]" classname="SinglyLinkedListTests" time="0.0"/>
  <testcase name="Remove the items from the front[native]" classname="SinglyLinkedListTests" time="0.0"/>
  <testcase name="Remove the items from the back[native]" classname="SinglyLinkedListTests" time="0.0"/>
  <testcase name="Get the 3rd value from a 5 items list[native]" classname="SinglyLinkedListTests" time="0.001"/>
  <testcase name="Get the 10th value from a 5 items list[native]" classname="SinglyLinkedListTests" time="0.0"/>
  <testcase name="Clear the list[native]" classname="SinglyLinkedListTests" time="0.0"/>
  <testcase name="Remove all elements from the front[native]" classname="SinglyLinkedListTests" time="0.0"/>
  <testcase name="Remove all elements from the back[native]" classname="SinglyLinkedListTests" time="0.0"/>
  <testcase name="Remove the first element with remove at[native]" classname="SinglyLinkedListTests" time="0.0"/>
  <testcase name="Remove the 2nd index element with remove at[native]" classname="SinglyLinkedListTests" time="0.0"/>
  <testcase name="Remove 10th element in a list with 4 items[native]" classname="SinglyLinkedListTests" time="0.0"/>
  <system-out><![CDATA[]]></system-out>
  <system-err><![CDATA[]]></system-err>
</testsuite>
